This is pdfTeX, Version 3.141592-1.40.4 (MiKTeX 2.6) (preloaded format=pdfcslatex 2009.1.7)  13 JAN 2009 20:38
entering extended mode
**C:/Documents*and*Settings/Fin/Dokumenty/pst*a*statistika*uloha/reseni.tex
("C:\Documents and Settings\Fin\Dokumenty\pst a statistika uloha\reseni.tex"
LaTeX2e <2005/12/01>
Loading CZ hyphenation patterns: Pavel Sevecek, v3, 1995
Loading SK hyphenation patterns: Jana Chlebikova, 1992
("C:\Program Files\MiKTeX 2.6\tex\latex\base\article.cls"
Document Class: article 2005/09/16 v1.4f Standard LaTeX document class
("C:\Program Files\MiKTeX 2.6\tex\latex\base\size10.clo"
File: size10.clo 2005/09/16 v1.4f Standard LaTeX file (size option)
)
\c@part=\count79
\c@section=\count80
\c@subsection=\count81
\c@subsubsection=\count82
\c@paragraph=\count83
\c@subparagraph=\count84
\c@figure=\count85
\c@table=\count86
\abovecaptionskip=\skip41
\belowcaptionskip=\skip42
\bibindent=\dimen102
)
("C:\Program Files\MiKTeX 2.6\tex\csplain\base\czech.sty"
Package: czech 2002/07/19 v2.4 CSTeX czech style
)
("C:\Program Files\MiKTeX 2.6\tex\latex\base\inputenc.sty"
Package: inputenc 2006/05/05 v1.1b Input encoding file
\inpenc@prehook=\toks16
\inpenc@posthook=\toks17

("C:\Program Files\MiKTeX 2.6\tex\latex\base\cp1250.def"
File: cp1250.def 2006/05/05 v1.1b Input encoding file
))
("C:\Program Files\MiKTeX 2.6\tex\latex\ltxmisc\a4wide.sty"
Package: a4wide 1994/08/30

("C:\Program Files\MiKTeX 2.6\tex\latex\ntgclass\a4.sty"
Package: a4 2004/04/15 v1.2g A4 based page layout
))
("C:\Program Files\MiKTeX 2.6\tex\latex\graphics\graphicx.sty"
Package: graphicx 1999/02/16 v1.0f Enhanced LaTeX Graphics (DPC,SPQR)

("C:\Program Files\MiKTeX 2.6\tex\latex\graphics\keyval.sty"
Package: keyval 1999/03/16 v1.13 key=value parser (DPC)
\KV@toks@=\toks18
)
("C:\Program Files\MiKTeX 2.6\tex\latex\graphics\graphics.sty"
Package: graphics 2006/02/20 v1.0o Standard LaTeX Graphics (DPC,SPQR)

("C:\Program Files\MiKTeX 2.6\tex\latex\graphics\trig.sty"
Package: trig 1999/03/16 v1.09 sin cos tan (DPC)
)
("C:\Program Files\MiKTeX 2.6\tex\latex\00miktex\graphics.cfg"
File: graphics.cfg 2007/01/18 v1.5 graphics configuration of teTeX/TeXLive
)
Package graphics Info: Driver file: pdftex.def on input line 90.

("C:\Program Files\MiKTeX 2.6\tex\latex\graphics\pdftex.def"
File: pdftex.def 2007/06/12 v0.04h Graphics/color for pdfTeX
\Gread@gobject=\count87
))
\Gin@req@height=\dimen103
\Gin@req@width=\dimen104
) (reseni.aux)
LaTeX Font Info:    Checking defaults for OML/cmm/m/it on input line 7.
LaTeX Font Info:    ... okay on input line 7.
LaTeX Font Info:    Checking defaults for T1/cmr/m/n on input line 7.
LaTeX Font Info:    ... okay on input line 7.
LaTeX Font Info:    Checking defaults for OT1/cmr/m/n on input line 7.
LaTeX Font Info:    ... okay on input line 7.
LaTeX Font Info:    Checking defaults for IL2/cmr/m/n on input line 7.
LaTeX Font Info:    ... okay on input line 7.
LaTeX Font Info:    Checking defaults for OMS/cmsy/m/n on input line 7.
LaTeX Font Info:    ... okay on input line 7.
LaTeX Font Info:    Checking defaults for OMX/cmex/m/n on input line 7.
LaTeX Font Info:    ... okay on input line 7.
LaTeX Font Info:    Checking defaults for U/cmr/m/n on input line 7.
LaTeX Font Info:    ... okay on input line 7.

("C:\Program Files\MiKTeX 2.6\tex\context\base\supp-pdf.tex"
[Loading MPS to PDF converter (version 2006.09.02).]
\scratchcounter=\count88
\scratchdimen=\dimen105
\scratchbox=\box26
\nofMPsegments=\count89
\nofMParguments=\count90
\MPscratchCnt=\count91
\MPscratchDim=\dimen106
\MPnumerator=\count92
\everyMPtoPDFconversion=\toks19
)
LaTeX Font Info:    External font `cmex10' loaded for size
(Font)              <12> on input line 11.
LaTeX Font Info:    External font `cmex10' loaded for size
(Font)              <8> on input line 11.
LaTeX Font Info:    External font `cmex10' loaded for size
(Font)              <6> on input line 11.
 [1

{psfonts.map}]
LaTeX Font Info:    Try loading font information for IL2+cmtt on input line 18.

 ("C:\Program Files\MiKTeX 2.6\tex\latex\cslatex\il2cmtt.fd"
File: il2cmtt.fd 1997/08/20 CSLaTeX font definitions
)
LaTeX Font Info:    External font `cmex10' loaded for size
(Font)              <7> on input line 28.
LaTeX Font Info:    External font `cmex10' loaded for size
(Font)              <5> on input line 28.

Overfull \hbox (26.90982pt too wide) in paragraph at lines 43--43
[]  \IL2/cmtt/m/n/10 task12Counts <- c ( task12Counts, length(arrivalsAAM[(arri
valsAAM > trainTime - 2) &[] 
 []


Overfull \hbox (16.40991pt too wide) in paragraph at lines 43--43
[]   \IL2/cmtt/m/n/10 (arrivalsAAM <= trainTime)]) + length(arrivalsBAM[(arriva
lsBAM > trainTime - 2) &[] 
 []


LaTeX Warning: File `C:/Documents and Settings/Fin/Dokumenty/pst a statistika u
loha/hist1.png' not found on input line 71.


<C:/Documents and Settings/Fin/Dokumenty/pst a statistika uloha/hist1.png, id=8
, 1027.84pt x 659.46375pt>
File: C:/Documents and Settings/Fin/Dokumenty/pst a statistika uloha/hist1.png 
Graphic file (type png)

<use C:/Documents and Settings/Fin/Dokumenty/pst a statistika uloha/hist1.png>
[2] [3 <C:/Documents and Settings/Fin/Dokumenty/pst a statistika uloha/hist1.pn
g (PNG copy)>] (reseni.aux)

LaTeX Warning: Label(s) may have changed. Rerun to get cross-references right.

 ) 
Here is how much of TeX's memory you used:
 1073 strings out of 95155
 12998 string characters out of 1183348
 62645 words of memory out of 1062949
 4351 multiletter control sequences out of 60000
 12035 words of font info for 32 fonts, out of 1000000 for 2000
 24 hyphenation exceptions out of 8191
 25i,6n,22p,280b,206s stack positions out of 5000i,500n,10000p,200000b,32768s
<C:/Program Files/MiKTeX 2.6/fonts/type1/bluesky/cm/cmex10.pfb><C:/Program Fi
les/MiKTeX 2.6/fonts/type1/bluesky/cm/cmmi10.pfb><C:/Program Files/MiKTeX 2.6/f
onts/type1/bluesky/cm/cmmi5.pfb><C:/Program Files/MiKTeX 2.6/fonts/type1/bluesk
y/cm/cmmi7.pfb><C:/Program Files/MiKTeX 2.6/fonts/type1/public/cs/csbx10.pfb><C
:/Program Files/MiKTeX 2.6/fonts/type1/public/cs/csbx12.pfb><C:/Program Files/M
iKTeX 2.6/fonts/type1/public/cs/csr10.pfb><C:/Program Files/MiKTeX 2.6/fonts/ty
pe1/public/cs/csr12.pfb><C:/Program Files/MiKTeX 2.6/fonts/type1/public/cs/csr1
7.pfb><C:/Program Files/MiKTeX 2.6/fonts/type1/public/cs/cstt10.pfb>
Output written on reseni.pdf (3 pages, 79462 bytes).
PDF statistics:
 54 PDF objects out of 300000 (max. 8388607)
 0 named destinations out of 300000 (max. 131072)
 6 words of extra memory for PDF output out of 65536 (max. 10000000)

